
An unexpected exception has been detected in native code outside the VM.
Unexpected Signal : EXCEPTION_ACCESS_VIOLATION (0xc0000005) occurred at PC=0x6FD250F
Function=Java_sun_awt_windows_WColor_getDefaultColor+0x2E57
Library=C:\Program Files\Sun\AppServer\jdk\jre\bin\awt.dll

Current Java thread:
	at sun.awt.windows.WToolkit.eventLoop(Native Method)
	at sun.awt.windows.WToolkit.run(WToolkit.java:262)
	at java.lang.Thread.run(Thread.java:534)

Dynamic libraries:
0x00400000 - 0x00406000 	C:\Program Files\Sun\AppServer\jdk\bin\java.exe
0x7C900000 - 0x7C9B0000 	C:\WINDOWS\system32\ntdll.dll
0x7C800000 - 0x7C8F4000 	C:\WINDOWS\system32\kernel32.dll
0x77DD0000 - 0x77E6B000 	C:\WINDOWS\system32\ADVAPI32.dll
0x77E70000 - 0x77F01000 	C:\WINDOWS\system32\RPCRT4.dll
0x77C10000 - 0x77C68000 	C:\WINDOWS\system32\MSVCRT.dll
0x08000000 - 0x08138000 	C:\Program Files\Sun\AppServer\jdk\jre\bin\client\jvm.dll
0x77D40000 - 0x77DD0000 	C:\WINDOWS\system32\USER32.dll
0x77F10000 - 0x77F56000 	C:\WINDOWS\system32\GDI32.dll
0x76B40000 - 0x76B6D000 	C:\WINDOWS\system32\WINMM.dll
0x10000000 - 0x10007000 	C:\Program Files\Sun\AppServer\jdk\jre\bin\hpi.dll
0x00390000 - 0x0039E000 	C:\Program Files\Sun\AppServer\jdk\jre\bin\verify.dll
0x003B0000 - 0x003C9000 	C:\Program Files\Sun\AppServer\jdk\jre\bin\java.dll
0x003D0000 - 0x003DD000 	C:\Program Files\Sun\AppServer\jdk\jre\bin\zip.dll
0x02B60000 - 0x02B7C000 	C:\Program Files\Sun\AppServer\jdk\jre\bin\jdwp.dll
0x06B80000 - 0x06B85000 	C:\Program Files\Sun\AppServer\jdk\jre\bin\dt_socket.dll
0x71AB0000 - 0x71AC7000 	C:\WINDOWS\system32\ws2_32.dll
0x71AA0000 - 0x71AA8000 	C:\WINDOWS\system32\WS2HELP.dll
0x71A50000 - 0x71A8F000 	C:\WINDOWS\System32\mswsock.dll
0x76F20000 - 0x76F47000 	C:\WINDOWS\system32\DNSAPI.dll
0x76FB0000 - 0x76FB8000 	C:\WINDOWS\System32\winrnr.dll
0x76F60000 - 0x76F8C000 	C:\WINDOWS\system32\WLDAP32.dll
0x76FC0000 - 0x76FC6000 	C:\WINDOWS\system32\rasadhlp.dll
0x662B0000 - 0x66308000 	C:\WINDOWS\system32\hnetcfg.dll
0x71A90000 - 0x71A98000 	C:\WINDOWS\System32\wshtcpip.dll
0x06F60000 - 0x0706F000 	C:\Program Files\Sun\AppServer\jdk\jre\bin\awt.dll
0x73000000 - 0x73026000 	C:\WINDOWS\system32\WINSPOOL.DRV
0x76390000 - 0x763AD000 	C:\WINDOWS\system32\IMM32.dll
0x774E0000 - 0x7761D000 	C:\WINDOWS\system32\ole32.dll
0x07080000 - 0x070D0000 	C:\Program Files\Sun\AppServer\jdk\jre\bin\fontmanager.dll
0x73760000 - 0x737A9000 	C:\WINDOWS\system32\ddraw.dll
0x73BC0000 - 0x73BC6000 	C:\WINDOWS\system32\DCIMAN32.dll
0x73940000 - 0x73A10000 	C:\WINDOWS\system32\D3DIM700.DLL
0x076A0000 - 0x076A5000 	C:\Program Files\Sun\AppServer\jdk\jre\bin\jawt.dll
0x076B0000 - 0x07710000 	C:\Program Files\Sun\AppServer\jdk\jre\bin\jogl.dll
0x5ED00000 - 0x5EDCC000 	C:\WINDOWS\system32\OPENGL32.dll
0x68B20000 - 0x68B40000 	C:\WINDOWS\system32\GLU32.dll
0x69000000 - 0x6964D000 	C:\WINDOWS\system32\atioglxx.dll
0x07FC0000 - 0x07FE3000 	C:\Program Files\Sun\AppServer\jdk\jre\bin\cmm.dll
0x08E40000 - 0x08E5E000 	C:\Program Files\Sun\AppServer\jdk\jre\bin\jpeg.dll
0x07220000 - 0x0722F000 	C:\Program Files\Sun\AppServer\jdk\jre\bin\net.dll
0x07230000 - 0x07235000 	C:\Program Files\Sun\AppServer\jdk\jre\bin\rmi.dll
0x76C90000 - 0x76CB8000 	C:\WINDOWS\system32\imagehlp.dll
0x59A60000 - 0x59B01000 	C:\WINDOWS\system32\DBGHELP.dll
0x77C00000 - 0x77C08000 	C:\WINDOWS\system32\VERSION.dll
0x76BF0000 - 0x76BFB000 	C:\WINDOWS\system32\PSAPI.DLL

Heap at VM Abort:
Heap
 def new generation   total 576K, used 423K [0x10010000, 0x100b0000, 0x104f0000)
  eden space 512K,  82% used [0x10010000, 0x10079df8, 0x10090000)
  from space 64K,   0% used [0x10090000, 0x10090000, 0x100a0000)
  to   space 64K,   0% used [0x100a0000, 0x100a0000, 0x100b0000)
 tenured generation   total 2996K, used 1176K [0x104f0000, 0x107dd000, 0x14010000)
   the space 2996K,  39% used [0x104f0000, 0x106162e8, 0x10616400, 0x107dd000)
 compacting perm gen  total 9984K, used 9732K [0x14010000, 0x149d0000, 0x18010000)
   the space 9984K,  97% used [0x14010000, 0x14991010, 0x14991200, 0x149d0000)

Local Time = Mon Jul 04 20:51:00 2005
Elapsed Time = 66
#
# The exception above was detected in native code outside the VM
#
# Java VM: Java HotSpot(TM) Client VM (1.4.2_04-b04 mixed mode)
#
